2024-12-18 21:42:56,886 - INFO - Starting the Kafka streaming application.
2024-12-18 21:43:12,775 - INFO - Callback Server Starting
2024-12-18 21:43:12,775 - INFO - Socket listening on ('127.0.0.1', 62692)
2024-12-18 21:43:18,083 - INFO - Python Server ready to receive messages
2024-12-18 21:43:18,085 - INFO - Received command c on object id p0
2024-12-18 21:43:18,089 - INFO - Processing Batch ID: 0
2024-12-18 21:43:44,033 - INFO - Batch Data: Empty DataFrame
2024-12-18 21:43:45,977 - INFO - Received command c on object id p0
2024-12-18 21:43:45,985 - INFO - Processing Batch ID: 1
2024-12-18 21:44:03,120 - INFO - Batch Data: Empty DataFrame
2024-12-18 21:44:04,259 - INFO - Received command c on object id p0
2024-12-18 21:44:04,263 - INFO - Processing Batch ID: 2
2024-12-18 21:44:21,022 - INFO - Batch Data: Empty DataFrame
2024-12-18 21:44:30,818 - INFO - Received command c on object id p0
2024-12-18 21:44:30,821 - INFO - Processing Batch ID: 3
2024-12-18 21:44:48,983 - INFO - Batch Data:
                                 key                                                                                                                                                                                                                                     value
253b5f01-476e-45e4-a388-130f02b28679   {"window":{"start":"2024-12-18T20:50:00.000+02:00","end":"2024-12-18T20:51:00.000+02:00"},"t_avg":34.275862068965516,"h_avg":43.48275862068966,"code":"101","message":"It's too dry","alert_timestamp":"2024-12-18T21:44:30.157+02:00"}
0351e01e-1899-42e7-9cfc-1e8d33bd164d   {"window":{"start":"2024-12-18T20:50:00.000+02:00","end":"2024-12-18T20:51:00.000+02:00"},"t_avg":34.275862068965516,"h_avg":43.48275862068966,"code":"102","message":"It's too wet","alert_timestamp":"2024-12-18T21:44:30.157+02:00"}
66b56773-03e0-4ee2-84cf-ff3c9534e6bf  {"window":{"start":"2024-12-18T20:50:00.000+02:00","end":"2024-12-18T20:51:00.000+02:00"},"t_avg":34.275862068965516,"h_avg":43.48275862068966,"code":"103","message":"It's too cold","alert_timestamp":"2024-12-18T21:44:30.157+02:00"}
d72802ea-c9ba-4379-ad04-93eecc0b0c92   {"window":{"start":"2024-12-18T20:50:00.000+02:00","end":"2024-12-18T20:51:00.000+02:00"},"t_avg":34.275862068965516,"h_avg":43.48275862068966,"code":"104","message":"It's too hot","alert_timestamp":"2024-12-18T21:44:30.157+02:00"}
41120cdc-6831-405a-a811-e5c69de9b9c5                              {"window":{"start":"2024-12-18T20:54:30.000+02:00","end":"2024-12-18T20:55:30.000+02:00"},"t_avg":39.5,"h_avg":76.0,"code":"101","message":"It's too dry","alert_timestamp":"2024-12-18T21:44:30.157+02:00"}
6643b31e-c537-46ed-ae27-0bc07e937914                              {"window":{"start":"2024-12-18T20:54:30.000+02:00","end":"2024-12-18T20:55:30.000+02:00"},"t_avg":39.5,"h_avg":76.0,"code":"102","message":"It's too wet","alert_timestamp":"2024-12-18T21:44:30.157+02:00"}
384c7b68-bff2-4868-860c-c19a76c860a9                             {"window":{"start":"2024-12-18T20:54:30.000+02:00","end":"2024-12-18T20:55:30.000+02:00"},"t_avg":39.5,"h_avg":76.0,"code":"103","message":"It's too cold","alert_timestamp":"2024-12-18T21:44:30.157+02:00"}
6392c190-fbb4-4774-a217-dc5763ad5166                              {"window":{"start":"2024-12-18T20:54:30.000+02:00","end":"2024-12-18T20:55:30.000+02:00"},"t_avg":39.5,"h_avg":76.0,"code":"104","message":"It's too hot","alert_timestamp":"2024-12-18T21:44:30.157+02:00"}
87e11c63-c968-4383-b8de-ff328ba7032d  {"window":{"start":"2024-12-18T20:28:30.000+02:00","end":"2024-12-18T20:29:30.000+02:00"},"t_avg":36.388888888888886,"h_avg":47.833333333333336,"code":"101","message":"It's too dry","alert_timestamp":"2024-12-18T21:44:30.157+02:00"}
715a6005-a97c-491a-9730-85f576b11587  {"window":{"start":"2024-12-18T20:28:30.000+02:00","end":"2024-12-18T20:29:30.000+02:00"},"t_avg":36.388888888888886,"h_avg":47.833333333333336,"code":"102","message":"It's too wet","alert_timestamp":"2024-12-18T21:44:30.157+02:00"}
ae551854-b3b2-462e-88d5-ff61e3697aa2 {"window":{"start":"2024-12-18T20:28:30.000+02:00","end":"2024-12-18T20:29:30.000+02:00"},"t_avg":36.388888888888886,"h_avg":47.833333333333336,"code":"103","message":"It's too cold","alert_timestamp":"2024-12-18T21:44:30.157+02:00"}
30d0cf76-e082-4448-aed6-9ec0fba10990  {"window":{"start":"2024-12-18T20:28:30.000+02:00","end":"2024-12-18T20:29:30.000+02:00"},"t_avg":36.388888888888886,"h_avg":47.833333333333336,"code":"104","message":"It's too hot","alert_timestamp":"2024-12-18T21:44:30.157+02:00"}
4ba444a0-da17-48e2-93b9-58a8a0d79dc4   {"window":{"start":"2024-12-18T20:51:30.000+02:00","end":"2024-12-18T20:52:30.000+02:00"},"t_avg":36.275862068965516,"h_avg":50.96551724137931,"code":"101","message":"It's too dry","alert_timestamp":"2024-12-18T21:44:30.157+02:00"}
cf7f6024-b23d-4608-8453-0a24e992ce60   {"window":{"start":"2024-12-18T20:51:30.000+02:00","end":"2024-12-18T20:52:30.000+02:00"},"t_avg":36.275862068965516,"h_avg":50.96551724137931,"code":"102","message":"It's too wet","alert_timestamp":"2024-12-18T21:44:30.157+02:00"}
d949f7fa-cc31-4e5a-9951-1b5839797939  {"window":{"start":"2024-12-18T20:51:30.000+02:00","end":"2024-12-18T20:52:30.000+02:00"},"t_avg":36.275862068965516,"h_avg":50.96551724137931,"code":"103","message":"It's too cold","alert_timestamp":"2024-12-18T21:44:30.157+02:00"}
c7f36077-f3bc-42d7-9c01-aad73913d290   {"window":{"start":"2024-12-18T20:51:30.000+02:00","end":"2024-12-18T20:52:30.000+02:00"},"t_avg":36.275862068965516,"h_avg":50.96551724137931,"code":"104","message":"It's too hot","alert_timestamp":"2024-12-18T21:44:30.157+02:00"}
38de4585-6e41-4a88-9796-af1ebf5ddb80                            {"window":{"start":"2024-12-18T20:52:30.000+02:00","end":"2024-12-18T20:53:30.000+02:00"},"t_avg":36.92,"h_avg":47.96,"code":"101","message":"It's too dry","alert_timestamp":"2024-12-18T21:44:30.157+02:00"}
447d6388-85ee-4c20-ace0-6d64a5add11d                            {"window":{"start":"2024-12-18T20:52:30.000+02:00","end":"2024-12-18T20:53:30.000+02:00"},"t_avg":36.92,"h_avg":47.96,"code":"102","message":"It's too wet","alert_timestamp":"2024-12-18T21:44:30.157+02:00"}
2c31d52f-ac06-49d5-a13c-83166823ce10                           {"window":{"start":"2024-12-18T20:52:30.000+02:00","end":"2024-12-18T20:53:30.000+02:00"},"t_avg":36.92,"h_avg":47.96,"code":"103","message":"It's too cold","alert_timestamp":"2024-12-18T21:44:30.157+02:00"}
aacdcf4b-6710-465c-99eb-0967e7ab9f0c                            {"window":{"start":"2024-12-18T20:52:30.000+02:00","end":"2024-12-18T20:53:30.000+02:00"},"t_avg":36.92,"h_avg":47.96,"code":"104","message":"It's too hot","alert_timestamp":"2024-12-18T21:44:30.157+02:00"}
c5bfcca8-92e9-4916-bd52-bf7ad326144a    {"window":{"start":"2024-12-18T20:30:00.000+02:00","end":"2024-12-18T20:31:00.000+02:00"},"t_avg":33.92307692307692,"h_avg":50.71153846153846,"code":"101","message":"It's too dry","alert_timestamp":"2024-12-18T21:44:30.157+02:00"}
564b13cf-7094-4893-9f03-d5622862f86f    {"window":{"start":"2024-12-18T20:30:00.000+02:00","end":"2024-12-18T20:31:00.000+02:00"},"t_avg":33.92307692307692,"h_avg":50.71153846153846,"code":"102","message":"It's too wet","alert_timestamp":"2024-12-18T21:44:30.157+02:00"}
65c4cdb7-0234-47ab-8a28-2ed04bc6601e   {"window":{"start":"2024-12-18T20:30:00.000+02:00","end":"2024-12-18T20:31:00.000+02:00"},"t_avg":33.92307692307692,"h_avg":50.71153846153846,"code":"103","message":"It's too cold","alert_timestamp":"2024-12-18T21:44:30.157+02:00"}
f0f35fd0-b143-4b46-8aed-51ff0ea1c858    {"window":{"start":"2024-12-18T20:30:00.000+02:00","end":"2024-12-18T20:31:00.000+02:00"},"t_avg":33.92307692307692,"h_avg":50.71153846153846,"code":"104","message":"It's too hot","alert_timestamp":"2024-12-18T21:44:30.157+02:00"}
922972a8-747e-469e-9357-7fb66e8daa27                              {"window":{"start":"2024-12-18T20:53:00.000+02:00","end":"2024-12-18T20:54:00.000+02:00"},"t_avg":36.5,"h_avg":49.4,"code":"101","message":"It's too dry","alert_timestamp":"2024-12-18T21:44:30.157+02:00"}
ddec5610-c40b-4b42-816c-7291a4e3fd60                              {"window":{"start":"2024-12-18T20:53:00.000+02:00","end":"2024-12-18T20:54:00.000+02:00"},"t_avg":36.5,"h_avg":49.4,"code":"102","message":"It's too wet","alert_timestamp":"2024-12-18T21:44:30.157+02:00"}
c8a9ce09-1748-4737-8f14-041c431b92af                             {"window":{"start":"2024-12-18T20:53:00.000+02:00","end":"2024-12-18T20:54:00.000+02:00"},"t_avg":36.5,"h_avg":49.4,"code":"103","message":"It's too cold","alert_timestamp":"2024-12-18T21:44:30.157+02:00"}
8df5b533-7585-442c-bfce-50f886ee989d                              {"window":{"start":"2024-12-18T20:53:00.000+02:00","end":"2024-12-18T20:54:00.000+02:00"},"t_avg":36.5,"h_avg":49.4,"code":"104","message":"It's too hot","alert_timestamp":"2024-12-18T21:44:30.157+02:00"}
a8e97562-cad7-4f1d-8433-71d89836d729   {"window":{"start":"2024-12-18T20:51:00.000+02:00","end":"2024-12-18T20:52:00.000+02:00"},"t_avg":33.758620689655174,"h_avg":52.89655172413793,"code":"101","message":"It's too dry","alert_timestamp":"2024-12-18T21:44:30.157+02:00"}
0b12fac4-cfba-41f4-a8b2-95246db37b85   {"window":{"start":"2024-12-18T20:51:00.000+02:00","end":"2024-12-18T20:52:00.000+02:00"},"t_avg":33.758620689655174,"h_avg":52.89655172413793,"code":"102","message":"It's too wet","alert_timestamp":"2024-12-18T21:44:30.157+02:00"}
baa542a1-3038-4989-bce3-a40cbfd3477c  {"window":{"start":"2024-12-18T20:51:00.000+02:00","end":"2024-12-18T20:52:00.000+02:00"},"t_avg":33.758620689655174,"h_avg":52.89655172413793,"code":"103","message":"It's too cold","alert_timestamp":"2024-12-18T21:44:30.157+02:00"}
076cf5c0-2b10-449b-abe1-2c48dbb63c25   {"window":{"start":"2024-12-18T20:51:00.000+02:00","end":"2024-12-18T20:52:00.000+02:00"},"t_avg":33.758620689655174,"h_avg":52.89655172413793,"code":"104","message":"It's too hot","alert_timestamp":"2024-12-18T21:44:30.157+02:00"}
6c6833ab-9beb-4a40-93ba-8ca3e8edd67e                         {"window":{"start":"2024-12-18T20:49:00.000+02:00","end":"2024-12-18T20:50:00.000+02:00"},"t_avg":34.0625,"h_avg":42.375,"code":"101","message":"It's too dry","alert_timestamp":"2024-12-18T21:44:30.157+02:00"}
86a55ee3-8398-4e1b-ba3d-9fff09bc7b0d                         {"window":{"start":"2024-12-18T20:49:00.000+02:00","end":"2024-12-18T20:50:00.000+02:00"},"t_avg":34.0625,"h_avg":42.375,"code":"102","message":"It's too wet","alert_timestamp":"2024-12-18T21:44:30.157+02:00"}
40e19fb6-1ef1-4e92-ad66-2add43277a69                        {"window":{"start":"2024-12-18T20:49:00.000+02:00","end":"2024-12-18T20:50:00.000+02:00"},"t_avg":34.0625,"h_avg":42.375,"code":"103","message":"It's too cold","alert_timestamp":"2024-12-18T21:44:30.157+02:00"}
60db98a0-b1e7-49ec-9d02-02c62af7d960                         {"window":{"start":"2024-12-18T20:49:00.000+02:00","end":"2024-12-18T20:50:00.000+02:00"},"t_avg":34.0625,"h_avg":42.375,"code":"104","message":"It's too hot","alert_timestamp":"2024-12-18T21:44:30.157+02:00"}
d80bbcde-9b5c-45e4-9b27-3cf9a8984811   {"window":{"start":"2024-12-18T20:29:00.000+02:00","end":"2024-12-18T20:30:00.000+02:00"},"t_avg":35.51063829787234,"h_avg":47.148936170212764,"code":"101","message":"It's too dry","alert_timestamp":"2024-12-18T21:44:30.157+02:00"}
72607f78-1577-48f9-84b1-84ddb6eb4109   {"window":{"start":"2024-12-18T20:29:00.000+02:00","end":"2024-12-18T20:30:00.000+02:00"},"t_avg":35.51063829787234,"h_avg":47.148936170212764,"code":"102","message":"It's too wet","alert_timestamp":"2024-12-18T21:44:30.157+02:00"}
949712dc-82a9-4769-b965-46b127fa1bda  {"window":{"start":"2024-12-18T20:29:00.000+02:00","end":"2024-12-18T20:30:00.000+02:00"},"t_avg":35.51063829787234,"h_avg":47.148936170212764,"code":"103","message":"It's too cold","alert_timestamp":"2024-12-18T21:44:30.157+02:00"}
dd24ae4c-4811-47dc-9eea-9b682b045509   {"window":{"start":"2024-12-18T20:29:00.000+02:00","end":"2024-12-18T20:30:00.000+02:00"},"t_avg":35.51063829787234,"h_avg":47.148936170212764,"code":"104","message":"It's too hot","alert_timestamp":"2024-12-18T21:44:30.157+02:00"}
0e015aa0-a7cb-42d9-8b76-0b7ac87eeed0                              {"window":{"start":"2024-12-18T20:52:00.000+02:00","end":"2024-12-18T20:53:00.000+02:00"},"t_avg":37.1,"h_avg":52.1,"code":"101","message":"It's too dry","alert_timestamp":"2024-12-18T21:44:30.157+02:00"}
b46dc524-0a39-45fc-8fd3-74c27507adb8                              {"window":{"start":"2024-12-18T20:52:00.000+02:00","end":"2024-12-18T20:53:00.000+02:00"},"t_avg":37.1,"h_avg":52.1,"code":"102","message":"It's too wet","alert_timestamp":"2024-12-18T21:44:30.157+02:00"}
5377ed2b-f84d-41b0-9bdc-74b4be350fc1                             {"window":{"start":"2024-12-18T20:52:00.000+02:00","end":"2024-12-18T20:53:00.000+02:00"},"t_avg":37.1,"h_avg":52.1,"code":"103","message":"It's too cold","alert_timestamp":"2024-12-18T21:44:30.157+02:00"}
32aa969c-7e00-4422-89a1-22b19e283611                              {"window":{"start":"2024-12-18T20:52:00.000+02:00","end":"2024-12-18T20:53:00.000+02:00"},"t_avg":37.1,"h_avg":52.1,"code":"104","message":"It's too hot","alert_timestamp":"2024-12-18T21:44:30.157+02:00"}
b2c696e6-b425-42eb-8f8c-ef3d0e6cf4dc                              {"window":{"start":"2024-12-18T20:48:30.000+02:00","end":"2024-12-18T20:49:30.000+02:00"},"t_avg":25.0,"h_avg":15.0,"code":"101","message":"It's too dry","alert_timestamp":"2024-12-18T21:44:30.157+02:00"}
71c6bff6-5d1c-4340-8212-6d9a07eb157b                              {"window":{"start":"2024-12-18T20:48:30.000+02:00","end":"2024-12-18T20:49:30.000+02:00"},"t_avg":25.0,"h_avg":15.0,"code":"102","message":"It's too wet","alert_timestamp":"2024-12-18T21:44:30.157+02:00"}
0c2cc936-1620-4eda-b722-d4dfca7cc0cd                             {"window":{"start":"2024-12-18T20:48:30.000+02:00","end":"2024-12-18T20:49:30.000+02:00"},"t_avg":25.0,"h_avg":15.0,"code":"103","message":"It's too cold","alert_timestamp":"2024-12-18T21:44:30.157+02:00"}
6e151908-a017-4daa-b0c0-22da352361d3                              {"window":{"start":"2024-12-18T20:48:30.000+02:00","end":"2024-12-18T20:49:30.000+02:00"},"t_avg":25.0,"h_avg":15.0,"code":"104","message":"It's too hot","alert_timestamp":"2024-12-18T21:44:30.157+02:00"}
cbe826c6-a77c-4ca5-8242-c7699826188b    {"window":{"start":"2024-12-18T20:30:30.000+02:00","end":"2024-12-18T20:31:30.000+02:00"},"t_avg":33.54545454545455,"h_avg":45.72727272727273,"code":"101","message":"It's too dry","alert_timestamp":"2024-12-18T21:44:30.157+02:00"}
30f116ec-f1a5-48e0-aaa4-4661906238e7    {"window":{"start":"2024-12-18T20:30:30.000+02:00","end":"2024-12-18T20:31:30.000+02:00"},"t_avg":33.54545454545455,"h_avg":45.72727272727273,"code":"102","message":"It's too wet","alert_timestamp":"2024-12-18T21:44:30.157+02:00"}
dd816783-4878-436a-93da-1e40064363ec   {"window":{"start":"2024-12-18T20:30:30.000+02:00","end":"2024-12-18T20:31:30.000+02:00"},"t_avg":33.54545454545455,"h_avg":45.72727272727273,"code":"103","message":"It's too cold","alert_timestamp":"2024-12-18T21:44:30.157+02:00"}
86b15232-8c86-4c75-892d-654671481510    {"window":{"start":"2024-12-18T20:30:30.000+02:00","end":"2024-12-18T20:31:30.000+02:00"},"t_avg":33.54545454545455,"h_avg":45.72727272727273,"code":"104","message":"It's too hot","alert_timestamp":"2024-12-18T21:44:30.157+02:00"}
12416472-d4d3-463c-bda0-6d6e41b0c1dc                              {"window":{"start":"2024-12-18T20:55:00.000+02:00","end":"2024-12-18T20:56:00.000+02:00"},"t_avg":39.5,"h_avg":76.0,"code":"101","message":"It's too dry","alert_timestamp":"2024-12-18T21:44:30.157+02:00"}
e287fd81-d886-402a-9a2e-a8dc1744769d                              {"window":{"start":"2024-12-18T20:55:00.000+02:00","end":"2024-12-18T20:56:00.000+02:00"},"t_avg":39.5,"h_avg":76.0,"code":"102","message":"It's too wet","alert_timestamp":"2024-12-18T21:44:30.157+02:00"}
5f9b7934-708c-4730-90e0-347b04cb1067                             {"window":{"start":"2024-12-18T20:55:00.000+02:00","end":"2024-12-18T20:56:00.000+02:00"},"t_avg":39.5,"h_avg":76.0,"code":"103","message":"It's too cold","alert_timestamp":"2024-12-18T21:44:30.157+02:00"}
e640611c-b56c-416a-bec3-6c8731294d6b                              {"window":{"start":"2024-12-18T20:55:00.000+02:00","end":"2024-12-18T20:56:00.000+02:00"},"t_avg":39.5,"h_avg":76.0,"code":"104","message":"It's too hot","alert_timestamp":"2024-12-18T21:44:30.157+02:00"}
0ea8c4aa-9ce5-4914-ba99-e436f1ff6dda    {"window":{"start":"2024-12-18T20:50:30.000+02:00","end":"2024-12-18T20:51:30.000+02:00"},"t_avg":34.53333333333333,"h_avg":52.36666666666667,"code":"101","message":"It's too dry","alert_timestamp":"2024-12-18T21:44:30.157+02:00"}
ccff4da5-4401-4da7-b775-ca7160d0180a    {"window":{"start":"2024-12-18T20:50:30.000+02:00","end":"2024-12-18T20:51:30.000+02:00"},"t_avg":34.53333333333333,"h_avg":52.36666666666667,"code":"102","message":"It's too wet","alert_timestamp":"2024-12-18T21:44:30.157+02:00"}
a44ff144-35df-45b4-9d6b-e5201f23b4f0   {"window":{"start":"2024-12-18T20:50:30.000+02:00","end":"2024-12-18T20:51:30.000+02:00"},"t_avg":34.53333333333333,"h_avg":52.36666666666667,"code":"103","message":"It's too cold","alert_timestamp":"2024-12-18T21:44:30.157+02:00"}
a0901191-fff0-405a-bd24-eca80eca0c72    {"window":{"start":"2024-12-18T20:50:30.000+02:00","end":"2024-12-18T20:51:30.000+02:00"},"t_avg":34.53333333333333,"h_avg":52.36666666666667,"code":"104","message":"It's too hot","alert_timestamp":"2024-12-18T21:44:30.157+02:00"}
d7a9ce90-3b09-497f-86e5-891ce8323807   {"window":{"start":"2024-12-18T20:29:30.000+02:00","end":"2024-12-18T20:30:30.000+02:00"},"t_avg":34.57627118644068,"h_avg":50.610169491525426,"code":"101","message":"It's too dry","alert_timestamp":"2024-12-18T21:44:30.157+02:00"}
1c8d1759-4c6e-436d-89fa-9c4b63c3acf4   {"window":{"start":"2024-12-18T20:29:30.000+02:00","end":"2024-12-18T20:30:30.000+02:00"},"t_avg":34.57627118644068,"h_avg":50.610169491525426,"code":"102","message":"It's too wet","alert_timestamp":"2024-12-18T21:44:30.157+02:00"}
2bd915d1-565b-4a92-ac6f-db4fb4563938  {"window":{"start":"2024-12-18T20:29:30.000+02:00","end":"2024-12-18T20:30:30.000+02:00"},"t_avg":34.57627118644068,"h_avg":50.610169491525426,"code":"103","message":"It's too cold","alert_timestamp":"2024-12-18T21:44:30.157+02:00"}
bcd49142-1f17-45a3-a916-30a18cc33d1a   {"window":{"start":"2024-12-18T20:29:30.000+02:00","end":"2024-12-18T20:30:30.000+02:00"},"t_avg":34.57627118644068,"h_avg":50.610169491525426,"code":"104","message":"It's too hot","alert_timestamp":"2024-12-18T21:44:30.157+02:00"}
5f25076d-4f48-42ca-b77a-17f079d9c049   {"window":{"start":"2024-12-18T20:49:30.000+02:00","end":"2024-12-18T20:50:30.000+02:00"},"t_avg":33.10344827586207,"h_avg":43.689655172413794,"code":"101","message":"It's too dry","alert_timestamp":"2024-12-18T21:44:30.157+02:00"}
887009f2-7c67-4ef6-8073-4256eed57541   {"window":{"start":"2024-12-18T20:49:30.000+02:00","end":"2024-12-18T20:50:30.000+02:00"},"t_avg":33.10344827586207,"h_avg":43.689655172413794,"code":"102","message":"It's too wet","alert_timestamp":"2024-12-18T21:44:30.157+02:00"}
2bd5b9ef-f386-4815-8a79-2a53779aba36  {"window":{"start":"2024-12-18T20:49:30.000+02:00","end":"2024-12-18T20:50:30.000+02:00"},"t_avg":33.10344827586207,"h_avg":43.689655172413794,"code":"103","message":"It's too cold","alert_timestamp":"2024-12-18T21:44:30.157+02:00"}
e57b604f-1e8f-4865-a9e4-f91070e1513f   {"window":{"start":"2024-12-18T20:49:30.000+02:00","end":"2024-12-18T20:50:30.000+02:00"},"t_avg":33.10344827586207,"h_avg":43.689655172413794,"code":"104","message":"It's too hot","alert_timestamp":"2024-12-18T21:44:30.157+02:00"}
2024-12-18 21:45:02,408 - INFO - Received command c on object id p0
2024-12-18 21:45:02,412 - INFO - Processing Batch ID: 4
2024-12-18 21:45:25,722 - INFO - Batch Data:
                                 key                                                                                                                                                                                                                                     value
f6f57018-3b10-4fc6-a88b-06ad08ebb27d    {"window":{"start":"2024-12-18T20:56:30.000+02:00","end":"2024-12-18T20:57:30.000+02:00"},"t_avg":35.33898305084746,"h_avg":50.79661016949152,"code":"101","message":"It's too dry","alert_timestamp":"2024-12-18T21:45:01.440+02:00"}
d80520a4-92af-4292-ab80-b7b053b1b69b    {"window":{"start":"2024-12-18T20:56:30.000+02:00","end":"2024-12-18T20:57:30.000+02:00"},"t_avg":35.33898305084746,"h_avg":50.79661016949152,"code":"102","message":"It's too wet","alert_timestamp":"2024-12-18T21:45:01.440+02:00"}
d2143aed-a717-4a13-9aa2-2d1bda716837   {"window":{"start":"2024-12-18T20:56:30.000+02:00","end":"2024-12-18T20:57:30.000+02:00"},"t_avg":35.33898305084746,"h_avg":50.79661016949152,"code":"103","message":"It's too cold","alert_timestamp":"2024-12-18T21:45:01.440+02:00"}
a6957b64-f967-44ed-9d0a-8ece2f75e92e    {"window":{"start":"2024-12-18T20:56:30.000+02:00","end":"2024-12-18T20:57:30.000+02:00"},"t_avg":35.33898305084746,"h_avg":50.79661016949152,"code":"104","message":"It's too hot","alert_timestamp":"2024-12-18T21:45:01.440+02:00"}
b3dabd06-d2a9-4860-85d5-3d273fc44ed5   {"window":{"start":"2024-12-18T20:58:00.000+02:00","end":"2024-12-18T20:59:00.000+02:00"},"t_avg":34.067796610169495,"h_avg":57.03389830508475,"code":"101","message":"It's too dry","alert_timestamp":"2024-12-18T21:45:01.440+02:00"}
fe2c6adb-cc61-4004-82d9-3eee6bf650be   {"window":{"start":"2024-12-18T20:58:00.000+02:00","end":"2024-12-18T20:59:00.000+02:00"},"t_avg":34.067796610169495,"h_avg":57.03389830508475,"code":"102","message":"It's too wet","alert_timestamp":"2024-12-18T21:45:01.440+02:00"}
d117a4b1-40a1-4809-b27d-0cf18d8d72af  {"window":{"start":"2024-12-18T20:58:00.000+02:00","end":"2024-12-18T20:59:00.000+02:00"},"t_avg":34.067796610169495,"h_avg":57.03389830508475,"code":"103","message":"It's too cold","alert_timestamp":"2024-12-18T21:45:01.440+02:00"}
8ac684c9-e76b-4e7f-be35-379517c16ffe   {"window":{"start":"2024-12-18T20:58:00.000+02:00","end":"2024-12-18T20:59:00.000+02:00"},"t_avg":34.067796610169495,"h_avg":57.03389830508475,"code":"104","message":"It's too hot","alert_timestamp":"2024-12-18T21:45:01.440+02:00"}
48a42d7d-d8da-42ba-9836-41ecedcf275d  {"window":{"start":"2024-12-18T20:54:30.000+02:00","end":"2024-12-18T20:55:30.000+02:00"},"t_avg":35.041666666666664,"h_avg":53.458333333333336,"code":"101","message":"It's too dry","alert_timestamp":"2024-12-18T21:45:01.440+02:00"}
a8565e31-0278-4d15-9c43-3f248dd51821  {"window":{"start":"2024-12-18T20:54:30.000+02:00","end":"2024-12-18T20:55:30.000+02:00"},"t_avg":35.041666666666664,"h_avg":53.458333333333336,"code":"102","message":"It's too wet","alert_timestamp":"2024-12-18T21:45:01.440+02:00"}
0e787ed5-be86-4a9b-b188-f5644e90f4f0 {"window":{"start":"2024-12-18T20:54:30.000+02:00","end":"2024-12-18T20:55:30.000+02:00"},"t_avg":35.041666666666664,"h_avg":53.458333333333336,"code":"103","message":"It's too cold","alert_timestamp":"2024-12-18T21:45:01.440+02:00"}
4b8de69c-7daa-47d8-b3d4-e659195a7ff2  {"window":{"start":"2024-12-18T20:54:30.000+02:00","end":"2024-12-18T20:55:30.000+02:00"},"t_avg":35.041666666666664,"h_avg":53.458333333333336,"code":"104","message":"It's too hot","alert_timestamp":"2024-12-18T21:45:01.440+02:00"}
5133818c-44e3-41ac-a5f8-dd18fd1e406f   {"window":{"start":"2024-12-18T20:57:30.000+02:00","end":"2024-12-18T20:58:30.000+02:00"},"t_avg":34.206896551724135,"h_avg":56.58620689655172,"code":"101","message":"It's too dry","alert_timestamp":"2024-12-18T21:45:01.440+02:00"}
b8103824-8ada-4013-bde0-106e11d9d720   {"window":{"start":"2024-12-18T20:57:30.000+02:00","end":"2024-12-18T20:58:30.000+02:00"},"t_avg":34.206896551724135,"h_avg":56.58620689655172,"code":"102","message":"It's too wet","alert_timestamp":"2024-12-18T21:45:01.440+02:00"}
faa0544e-93f3-4a93-a42c-00e0d50a4e01  {"window":{"start":"2024-12-18T20:57:30.000+02:00","end":"2024-12-18T20:58:30.000+02:00"},"t_avg":34.206896551724135,"h_avg":56.58620689655172,"code":"103","message":"It's too cold","alert_timestamp":"2024-12-18T21:45:01.440+02:00"}
a4428a50-d824-4e00-be27-8fa7a1a06c93   {"window":{"start":"2024-12-18T20:57:30.000+02:00","end":"2024-12-18T20:58:30.000+02:00"},"t_avg":34.206896551724135,"h_avg":56.58620689655172,"code":"104","message":"It's too hot","alert_timestamp":"2024-12-18T21:45:01.440+02:00"}
1f59d652-2bb7-4309-b51b-bb719566c463   {"window":{"start":"2024-12-18T20:59:00.000+02:00","end":"2024-12-18T21:00:00.000+02:00"},"t_avg":34.62068965517241,"h_avg":49.206896551724135,"code":"101","message":"It's too dry","alert_timestamp":"2024-12-18T21:45:01.440+02:00"}
5ff94b47-7143-448a-8c5b-c65df66fa264   {"window":{"start":"2024-12-18T20:59:00.000+02:00","end":"2024-12-18T21:00:00.000+02:00"},"t_avg":34.62068965517241,"h_avg":49.206896551724135,"code":"102","message":"It's too wet","alert_timestamp":"2024-12-18T21:45:01.440+02:00"}
e6be2e9f-84ba-4456-90a4-33e0977e5577  {"window":{"start":"2024-12-18T20:59:00.000+02:00","end":"2024-12-18T21:00:00.000+02:00"},"t_avg":34.62068965517241,"h_avg":49.206896551724135,"code":"103","message":"It's too cold","alert_timestamp":"2024-12-18T21:45:01.440+02:00"}
f16e82ef-2bfa-48ad-afe9-135f3013f1f2   {"window":{"start":"2024-12-18T20:59:00.000+02:00","end":"2024-12-18T21:00:00.000+02:00"},"t_avg":34.62068965517241,"h_avg":49.206896551724135,"code":"104","message":"It's too hot","alert_timestamp":"2024-12-18T21:45:01.440+02:00"}
b970e8d1-6382-4811-b76f-14766112aab9    {"window":{"start":"2024-12-18T20:58:30.000+02:00","end":"2024-12-18T20:59:30.000+02:00"},"t_avg":34.57627118644068,"h_avg":50.47457627118644,"code":"101","message":"It's too dry","alert_timestamp":"2024-12-18T21:45:01.440+02:00"}
5178f1a3-72c3-4b45-9572-897624d33fa6    {"window":{"start":"2024-12-18T20:58:30.000+02:00","end":"2024-12-18T20:59:30.000+02:00"},"t_avg":34.57627118644068,"h_avg":50.47457627118644,"code":"102","message":"It's too wet","alert_timestamp":"2024-12-18T21:45:01.440+02:00"}
8dc9ddc1-3e55-4e17-bd91-fabaa14a3d9b   {"window":{"start":"2024-12-18T20:58:30.000+02:00","end":"2024-12-18T20:59:30.000+02:00"},"t_avg":34.57627118644068,"h_avg":50.47457627118644,"code":"103","message":"It's too cold","alert_timestamp":"2024-12-18T21:45:01.440+02:00"}
e1bc8e77-4a7b-4ea2-b336-57cededab5eb    {"window":{"start":"2024-12-18T20:58:30.000+02:00","end":"2024-12-18T20:59:30.000+02:00"},"t_avg":34.57627118644068,"h_avg":50.47457627118644,"code":"104","message":"It's too hot","alert_timestamp":"2024-12-18T21:45:01.440+02:00"}
9485f041-faff-490e-908b-bba6538e2839    {"window":{"start":"2024-12-18T20:56:00.000+02:00","end":"2024-12-18T20:57:00.000+02:00"},"t_avg":34.44827586206897,"h_avg":51.55172413793103,"code":"101","message":"It's too dry","alert_timestamp":"2024-12-18T21:45:01.440+02:00"}
7342651d-413c-4d12-8d10-1a9cee50549f    {"window":{"start":"2024-12-18T20:56:00.000+02:00","end":"2024-12-18T20:57:00.000+02:00"},"t_avg":34.44827586206897,"h_avg":51.55172413793103,"code":"102","message":"It's too wet","alert_timestamp":"2024-12-18T21:45:01.440+02:00"}
84ced90f-03f5-4a97-a269-a91ebbffd377   {"window":{"start":"2024-12-18T20:56:00.000+02:00","end":"2024-12-18T20:57:00.000+02:00"},"t_avg":34.44827586206897,"h_avg":51.55172413793103,"code":"103","message":"It's too cold","alert_timestamp":"2024-12-18T21:45:01.440+02:00"}
6c56cc9f-3467-4b63-9d50-716a5d910cef    {"window":{"start":"2024-12-18T20:56:00.000+02:00","end":"2024-12-18T20:57:00.000+02:00"},"t_avg":34.44827586206897,"h_avg":51.55172413793103,"code":"104","message":"It's too hot","alert_timestamp":"2024-12-18T21:45:01.440+02:00"}
24f88aa9-9add-4eec-98c8-477b8decfbff    {"window":{"start":"2024-12-18T20:55:30.000+02:00","end":"2024-12-18T20:56:30.000+02:00"},"t_avg":34.06896551724138,"h_avg":49.39655172413793,"code":"101","message":"It's too dry","alert_timestamp":"2024-12-18T21:45:01.440+02:00"}
dee5f114-3252-4612-877f-a9fbfb99ab84    {"window":{"start":"2024-12-18T20:55:30.000+02:00","end":"2024-12-18T20:56:30.000+02:00"},"t_avg":34.06896551724138,"h_avg":49.39655172413793,"code":"102","message":"It's too wet","alert_timestamp":"2024-12-18T21:45:01.440+02:00"}
762e2037-63f7-497c-93c3-c671237c0c61   {"window":{"start":"2024-12-18T20:55:30.000+02:00","end":"2024-12-18T20:56:30.000+02:00"},"t_avg":34.06896551724138,"h_avg":49.39655172413793,"code":"103","message":"It's too cold","alert_timestamp":"2024-12-18T21:45:01.440+02:00"}
4f3c75c8-5d74-4ff4-b262-7bd8748c3df2    {"window":{"start":"2024-12-18T20:55:30.000+02:00","end":"2024-12-18T20:56:30.000+02:00"},"t_avg":34.06896551724138,"h_avg":49.39655172413793,"code":"104","message":"It's too hot","alert_timestamp":"2024-12-18T21:45:01.440+02:00"}
3e40a49f-9cf2-4fb1-b040-2cae6778fcb6    {"window":{"start":"2024-12-18T20:57:00.000+02:00","end":"2024-12-18T20:58:00.000+02:00"},"t_avg":34.40677966101695,"h_avg":51.52542372881356,"code":"101","message":"It's too dry","alert_timestamp":"2024-12-18T21:45:01.440+02:00"}
476d71b3-1e92-46e3-8f20-89a4daadb99c    {"window":{"start":"2024-12-18T20:57:00.000+02:00","end":"2024-12-18T20:58:00.000+02:00"},"t_avg":34.40677966101695,"h_avg":51.52542372881356,"code":"102","message":"It's too wet","alert_timestamp":"2024-12-18T21:45:01.440+02:00"}
ab241ce5-5629-43db-9cdf-e24dbea15142   {"window":{"start":"2024-12-18T20:57:00.000+02:00","end":"2024-12-18T20:58:00.000+02:00"},"t_avg":34.40677966101695,"h_avg":51.52542372881356,"code":"103","message":"It's too cold","alert_timestamp":"2024-12-18T21:45:01.440+02:00"}
effe63fb-a4a2-4ab4-a23a-f4aae8f23e46    {"window":{"start":"2024-12-18T20:57:00.000+02:00","end":"2024-12-18T20:58:00.000+02:00"},"t_avg":34.40677966101695,"h_avg":51.52542372881356,"code":"104","message":"It's too hot","alert_timestamp":"2024-12-18T21:45:01.440+02:00"}
30269747-7438-41e4-bac9-665bc17ad4c0   {"window":{"start":"2024-12-18T20:55:00.000+02:00","end":"2024-12-18T20:56:00.000+02:00"},"t_avg":35.113207547169814,"h_avg":48.22641509433962,"code":"101","message":"It's too dry","alert_timestamp":"2024-12-18T21:45:01.440+02:00"}
30690005-7783-4d67-bc3b-b1c9ab0c2526   {"window":{"start":"2024-12-18T20:55:00.000+02:00","end":"2024-12-18T20:56:00.000+02:00"},"t_avg":35.113207547169814,"h_avg":48.22641509433962,"code":"102","message":"It's too wet","alert_timestamp":"2024-12-18T21:45:01.440+02:00"}
757e1fd8-b61f-46e1-af50-7f2310cb806e  {"window":{"start":"2024-12-18T20:55:00.000+02:00","end":"2024-12-18T20:56:00.000+02:00"},"t_avg":35.113207547169814,"h_avg":48.22641509433962,"code":"103","message":"It's too cold","alert_timestamp":"2024-12-18T21:45:01.440+02:00"}
c6988d0d-9ac5-4a50-97be-fb823227ab50   {"window":{"start":"2024-12-18T20:55:00.000+02:00","end":"2024-12-18T20:56:00.000+02:00"},"t_avg":35.113207547169814,"h_avg":48.22641509433962,"code":"104","message":"It's too hot","alert_timestamp":"2024-12-18T21:45:01.440+02:00"}
da746244-c249-464a-a976-53926c0cf62c    {"window":{"start":"2024-12-18T20:59:30.000+02:00","end":"2024-12-18T21:00:30.000+02:00"},"t_avg":34.70454545454545,"h_avg":50.70454545454545,"code":"101","message":"It's too dry","alert_timestamp":"2024-12-18T21:45:01.440+02:00"}
9e0fb6bf-2d2e-487a-817b-767ebf7c7c11    {"window":{"start":"2024-12-18T20:59:30.000+02:00","end":"2024-12-18T21:00:30.000+02:00"},"t_avg":34.70454545454545,"h_avg":50.70454545454545,"code":"102","message":"It's too wet","alert_timestamp":"2024-12-18T21:45:01.440+02:00"}
2a744aba-4de0-4449-b101-e9ebbe6022c0   {"window":{"start":"2024-12-18T20:59:30.000+02:00","end":"2024-12-18T21:00:30.000+02:00"},"t_avg":34.70454545454545,"h_avg":50.70454545454545,"code":"103","message":"It's too cold","alert_timestamp":"2024-12-18T21:45:01.440+02:00"}
b3a12186-1f14-41b8-bce1-d02c27a48930    {"window":{"start":"2024-12-18T20:59:30.000+02:00","end":"2024-12-18T21:00:30.000+02:00"},"t_avg":34.70454545454545,"h_avg":50.70454545454545,"code":"104","message":"It's too hot","alert_timestamp":"2024-12-18T21:45:01.440+02:00"}
ed024eed-a935-4ed4-bfec-fa0b33fd19de                              {"window":{"start":"2024-12-18T21:00:00.000+02:00","end":"2024-12-18T21:01:00.000+02:00"},"t_avg":36.4,"h_avg":55.4,"code":"101","message":"It's too dry","alert_timestamp":"2024-12-18T21:45:01.440+02:00"}
9eff93cb-9482-40b7-b77f-898ad6975f6f                              {"window":{"start":"2024-12-18T21:00:00.000+02:00","end":"2024-12-18T21:01:00.000+02:00"},"t_avg":36.4,"h_avg":55.4,"code":"102","message":"It's too wet","alert_timestamp":"2024-12-18T21:45:01.440+02:00"}
c51f6197-2538-47bf-92c1-72eb561565e0                             {"window":{"start":"2024-12-18T21:00:00.000+02:00","end":"2024-12-18T21:01:00.000+02:00"},"t_avg":36.4,"h_avg":55.4,"code":"103","message":"It's too cold","alert_timestamp":"2024-12-18T21:45:01.440+02:00"}
b6bf8b5a-2bbc-4e38-ad59-341a1cbb9531                              {"window":{"start":"2024-12-18T21:00:00.000+02:00","end":"2024-12-18T21:01:00.000+02:00"},"t_avg":36.4,"h_avg":55.4,"code":"104","message":"It's too hot","alert_timestamp":"2024-12-18T21:45:01.440+02:00"}
2024-12-18 21:45:32,419 - INFO - Closing down clientserver connection
